[INFO] 2026-04-14 20:54:12 - ============================================================
[INFO] 2026-04-14 20:54:12 - PHASERS: CONTINUOUS RS CALCULATION
[INFO] 2026-04-14 20:54:12 - ============================================================
[INFO] 2026-04-14 20:54:12 - Loading pre-merged data from: merged_cosine_miniLM.tsv.gz
[INFO] 2026-04-14 20:54:37 - Loaded 13853783 rows from pre-merged file
[INFO] 2026-04-14 20:54:37 - Requested score columns: ['combined']
[INFO] 2026-04-14 20:54:37 - Requested sources: ['pigean']
[INFO] 2026-04-14 20:54:38 - Available sources in data: {'pigean'}
[INFO] 2026-04-14 20:54:38 - 
============================================================
[INFO] 2026-04-14 20:54:38 - Processing source: pigean
[INFO] 2026-04-14 20:54:38 - ============================================================
[INFO] 2026-04-14 20:54:41 -   Score column 'combined': 13828048 non-null values
[INFO] 2026-04-14 20:54:41 - Running continuous RS for 1 score columns: ['combined']
[INFO] 2026-04-14 20:54:41 - 
  Processing: pigean / combined
[INFO] 2026-04-14 20:54:41 - ============================================================
[INFO] 2026-04-14 20:54:41 - CONTINUOUS RS CALCULATION (INCREMENTAL)
[INFO] 2026-04-14 20:54:41 - ============================================================
[INFO] 2026-04-14 20:54:41 - Score column: combined
[INFO] 2026-04-14 20:54:41 - Source: pigean
[INFO] 2026-04-14 20:54:41 - Phase type: ccat
[INFO] 2026-04-14 20:54:41 - Score ascending: False (higher is better)
[INFO] 2026-04-14 20:54:41 - Using pre-merged data (skipping load and similarity calculation)
[INFO] 2026-04-14 20:54:41 - Merged data has 13853783 rows
[INFO] 2026-04-14 20:54:45 - Genetically supported targets at similarity_threshold=0.65: 31337 rows, 1931 unique genes
[INFO] 2026-04-14 20:54:45 - Extracting deduplicated records for ccat
[INFO] 2026-04-14 20:54:48 - Extracted 22638 deduplicated records
[INFO] 2026-04-14 20:54:49 - Building RS curve with incremental updates...
[INFO] 2026-04-14 20:54:49 - Building RS curve for 22638 records, K=4
[INFO] 2026-04-14 20:54:49 - Initial not-G counts: N_nG=[7764, 4421, 7383, 1551, 1519], X_nG=[14874, 10453, 3070, 1519]
[INFO] 2026-04-14 20:54:49 - Generated 3302 points on RS curve
[INFO] 2026-04-14 20:54:50 - ============================================================
[INFO] 2026-04-14 20:54:50 - CONTINUOUS RS CALCULATION COMPLETE
[INFO] 2026-04-14 20:54:50 - Generated 3302 points on RS curve
[INFO] 2026-04-14 20:54:50 - EA-RS: 0.6466
[INFO] 2026-04-14 20:54:50 - EA-RS-self: 0.3924
[INFO] 2026-04-14 20:54:50 - RS_full: 1.2543
[INFO] 2026-04-14 20:54:50 - MLRS: 0.4773
[INFO] 2026-04-14 20:54:50 - RS_max: 3.4201
[INFO] 2026-04-14 20:54:50 - RS_at_10pct: 2.0028
[INFO] 2026-04-14 20:54:50 - RS_max_after_1pct: 3.3025
[INFO] 2026-04-14 20:54:50 - RS_max_after_5pct: 2.6098
[INFO] 2026-04-14 20:54:50 - RS_max_after_10pct: 2.0466
[INFO] 2026-04-14 20:54:50 - ============================================================
[INFO] 2026-04-14 20:54:50 -   Successfully calculated RS for pigean/combined: 3302 points
[INFO] 2026-04-14 20:54:50 - Writing continuous RS points to sweep_logs/rs_curve_semantic_0p65.csv
[INFO] 2026-04-14 20:54:50 - Wrote 3302 points to sweep_logs/rs_curve_semantic_0p65.csv
[INFO] 2026-04-14 20:54:50 - ============================================================
[INFO] 2026-04-14 20:54:50 - CONTINUOUS RS CALCULATION COMPLETE
[INFO] 2026-04-14 20:54:50 - Output: sweep_logs/rs_curve_semantic_0p65.csv
[INFO] 2026-04-14 20:54:50 - ============================================================
