[INFO] 2026-04-14 20:55:32 - ============================================================
[INFO] 2026-04-14 20:55:32 - PHASERS: CONTINUOUS RS CALCULATION
[INFO] 2026-04-14 20:55:32 - ============================================================
[INFO] 2026-04-14 20:55:32 - Loading pre-merged data from: merged_cosine_miniLM.tsv.gz
[INFO] 2026-04-14 20:55:57 - Loaded 13853783 rows from pre-merged file
[INFO] 2026-04-14 20:55:57 - Requested score columns: ['combined']
[INFO] 2026-04-14 20:55:57 - Requested sources: ['pigean']
[INFO] 2026-04-14 20:55:58 - Available sources in data: {'pigean'}
[INFO] 2026-04-14 20:55:58 - 
============================================================
[INFO] 2026-04-14 20:55:58 - Processing source: pigean
[INFO] 2026-04-14 20:55:58 - ============================================================
[INFO] 2026-04-14 20:56:00 -   Score column 'combined': 13828048 non-null values
[INFO] 2026-04-14 20:56:00 - Running continuous RS for 1 score columns: ['combined']
[INFO] 2026-04-14 20:56:00 - 
  Processing: pigean / combined
[INFO] 2026-04-14 20:56:00 - ============================================================
[INFO] 2026-04-14 20:56:00 - CONTINUOUS RS CALCULATION (INCREMENTAL)
[INFO] 2026-04-14 20:56:00 - ============================================================
[INFO] 2026-04-14 20:56:00 - Score column: combined
[INFO] 2026-04-14 20:56:00 - Source: pigean
[INFO] 2026-04-14 20:56:00 - Phase type: ccat
[INFO] 2026-04-14 20:56:00 - Score ascending: False (higher is better)
[INFO] 2026-04-14 20:56:00 - Using pre-merged data (skipping load and similarity calculation)
[INFO] 2026-04-14 20:56:00 - Merged data has 13853783 rows
[INFO] 2026-04-14 20:56:04 - Genetically supported targets at similarity_threshold=0.75: 14594 rows, 1723 unique genes
[INFO] 2026-04-14 20:56:04 - Extracting deduplicated records for ccat
[INFO] 2026-04-14 20:56:08 - Extracted 22638 deduplicated records
[INFO] 2026-04-14 20:56:08 - Building RS curve with incremental updates...
[INFO] 2026-04-14 20:56:08 - Building RS curve for 22638 records, K=4
[INFO] 2026-04-14 20:56:08 - Initial not-G counts: N_nG=[7764, 4421, 7383, 1551, 1519], X_nG=[14874, 10453, 3070, 1519]
[INFO] 2026-04-14 20:56:09 - Generated 3302 points on RS curve
[INFO] 2026-04-14 20:56:09 - ============================================================
[INFO] 2026-04-14 20:56:09 - CONTINUOUS RS CALCULATION COMPLETE
[INFO] 2026-04-14 20:56:09 - Generated 3302 points on RS curve
[INFO] 2026-04-14 20:56:09 - EA-RS: 0.5801
[INFO] 2026-04-14 20:56:09 - EA-RS-self: 0.3646
[INFO] 2026-04-14 20:56:09 - RS_full: 1.2155
[INFO] 2026-04-14 20:56:09 - MLRS: 0.4373
[INFO] 2026-04-14 20:56:09 - RS_max: 3.2044
[INFO] 2026-04-14 20:56:09 - RS_at_10pct: 1.9154
[INFO] 2026-04-14 20:56:09 - RS_max_after_1pct: 3.2044
[INFO] 2026-04-14 20:56:09 - RS_max_after_5pct: 2.5168
[INFO] 2026-04-14 20:56:09 - RS_max_after_10pct: 1.9841
[INFO] 2026-04-14 20:56:09 - ============================================================
[INFO] 2026-04-14 20:56:10 -   Successfully calculated RS for pigean/combined: 3302 points
[INFO] 2026-04-14 20:56:10 - Writing continuous RS points to sweep_logs/rs_curve_semantic_0p75.csv
[INFO] 2026-04-14 20:56:10 - Wrote 3302 points to sweep_logs/rs_curve_semantic_0p75.csv
[INFO] 2026-04-14 20:56:10 - ============================================================
[INFO] 2026-04-14 20:56:10 - CONTINUOUS RS CALCULATION COMPLETE
[INFO] 2026-04-14 20:56:10 - Output: sweep_logs/rs_curve_semantic_0p75.csv
[INFO] 2026-04-14 20:56:10 - ============================================================
