[INFO] 2026-04-14 20:56:12 - ============================================================
[INFO] 2026-04-14 20:56:12 - PHASERS: CONTINUOUS RS CALCULATION
[INFO] 2026-04-14 20:56:12 - ============================================================
[INFO] 2026-04-14 20:56:12 - Loading pre-merged data from: merged_cosine_miniLM.tsv.gz
[INFO] 2026-04-14 20:56:38 - Loaded 13853783 rows from pre-merged file
[INFO] 2026-04-14 20:56:38 - Requested score columns: ['combined']
[INFO] 2026-04-14 20:56:38 - Requested sources: ['pigean']
[INFO] 2026-04-14 20:56:39 - Available sources in data: {'pigean'}
[INFO] 2026-04-14 20:56:39 - 
============================================================
[INFO] 2026-04-14 20:56:39 - Processing source: pigean
[INFO] 2026-04-14 20:56:39 - ============================================================
[INFO] 2026-04-14 20:56:42 -   Score column 'combined': 13828048 non-null values
[INFO] 2026-04-14 20:56:42 - Running continuous RS for 1 score columns: ['combined']
[INFO] 2026-04-14 20:56:42 - 
  Processing: pigean / combined
[INFO] 2026-04-14 20:56:42 - ============================================================
[INFO] 2026-04-14 20:56:42 - CONTINUOUS RS CALCULATION (INCREMENTAL)
[INFO] 2026-04-14 20:56:42 - ============================================================
[INFO] 2026-04-14 20:56:42 - Score column: combined
[INFO] 2026-04-14 20:56:42 - Source: pigean
[INFO] 2026-04-14 20:56:42 - Phase type: ccat
[INFO] 2026-04-14 20:56:42 - Score ascending: False (higher is better)
[INFO] 2026-04-14 20:56:42 - Using pre-merged data (skipping load and similarity calculation)
[INFO] 2026-04-14 20:56:42 - Merged data has 13853783 rows
[INFO] 2026-04-14 20:56:45 - Genetically supported targets at similarity_threshold=0.8: 10421 rows, 1573 unique genes
[INFO] 2026-04-14 20:56:45 - Extracting deduplicated records for ccat
[INFO] 2026-04-14 20:56:50 - Extracted 22638 deduplicated records
[INFO] 2026-04-14 20:56:50 - Building RS curve with incremental updates...
[INFO] 2026-04-14 20:56:50 - Building RS curve for 22638 records, K=4
[INFO] 2026-04-14 20:56:51 - Initial not-G counts: N_nG=[7764, 4421, 7383, 1551, 1519], X_nG=[14874, 10453, 3070, 1519]
[INFO] 2026-04-14 20:56:51 - Generated 3302 points on RS curve
[INFO] 2026-04-14 20:56:51 - ============================================================
[INFO] 2026-04-14 20:56:51 - CONTINUOUS RS CALCULATION COMPLETE
[INFO] 2026-04-14 20:56:51 - Generated 3302 points on RS curve
[INFO] 2026-04-14 20:56:51 - EA-RS: 0.5898
[INFO] 2026-04-14 20:56:51 - EA-RS-self: 0.2873
[INFO] 2026-04-14 20:56:51 - RS_full: 1.3025
[INFO] 2026-04-14 20:56:51 - MLRS: 0.4472
[INFO] 2026-04-14 20:56:51 - RS_max: 3.1350
[INFO] 2026-04-14 20:56:51 - RS_at_10pct: 1.8775
[INFO] 2026-04-14 20:56:51 - RS_max_after_1pct: 3.1350
[INFO] 2026-04-14 20:56:51 - RS_max_after_5pct: 2.3917
[INFO] 2026-04-14 20:56:51 - RS_max_after_10pct: 1.9606
[INFO] 2026-04-14 20:56:51 - ============================================================
[INFO] 2026-04-14 20:56:52 -   Successfully calculated RS for pigean/combined: 3302 points
[INFO] 2026-04-14 20:56:52 - Writing continuous RS points to sweep_logs/rs_curve_semantic_0p80.csv
[INFO] 2026-04-14 20:56:52 - Wrote 3302 points to sweep_logs/rs_curve_semantic_0p80.csv
[INFO] 2026-04-14 20:56:52 - ============================================================
[INFO] 2026-04-14 20:56:52 - CONTINUOUS RS CALCULATION COMPLETE
[INFO] 2026-04-14 20:56:52 - Output: sweep_logs/rs_curve_semantic_0p80.csv
[INFO] 2026-04-14 20:56:52 - ============================================================
