[INFO] 2026-04-14 20:51:36 - ============================================================
[INFO] 2026-04-14 20:51:36 - PHASERS: CONTINUOUS RS CALCULATION
[INFO] 2026-04-14 20:51:36 - ============================================================
[INFO] 2026-04-14 20:51:36 - Loading pre-merged data from: merged_cosine_miniLM.tsv.gz
[INFO] 2026-04-14 20:52:00 - Loaded 13853783 rows from pre-merged file
[INFO] 2026-04-14 20:52:00 - Requested score columns: ['combined']
[INFO] 2026-04-14 20:52:00 - Requested sources: ['pigean']
[INFO] 2026-04-14 20:52:01 - Available sources in data: {'pigean'}
[INFO] 2026-04-14 20:52:01 - 
============================================================
[INFO] 2026-04-14 20:52:01 - Processing source: pigean
[INFO] 2026-04-14 20:52:01 - ============================================================
[INFO] 2026-04-14 20:52:03 -   Score column 'combined': 13828048 non-null values
[INFO] 2026-04-14 20:52:03 - Running continuous RS for 1 score columns: ['combined']
[INFO] 2026-04-14 20:52:03 - 
  Processing: pigean / combined
[INFO] 2026-04-14 20:52:03 - ============================================================
[INFO] 2026-04-14 20:52:03 - CONTINUOUS RS CALCULATION (INCREMENTAL)
[INFO] 2026-04-14 20:52:03 - ============================================================
[INFO] 2026-04-14 20:52:03 - Score column: combined
[INFO] 2026-04-14 20:52:03 - Source: pigean
[INFO] 2026-04-14 20:52:03 - Phase type: ccat
[INFO] 2026-04-14 20:52:03 - Score ascending: False (higher is better)
[INFO] 2026-04-14 20:52:03 - Using pre-merged data (skipping load and similarity calculation)
[INFO] 2026-04-14 20:52:03 - Merged data has 13853783 rows
[INFO] 2026-04-14 20:52:07 - Genetically supported targets at similarity_threshold=0.4: 260429 rows, 2404 unique genes
[INFO] 2026-04-14 20:52:07 - Extracting deduplicated records for ccat
[INFO] 2026-04-14 20:52:11 - Extracted 22638 deduplicated records
[INFO] 2026-04-14 20:52:11 - Building RS curve with incremental updates...
[INFO] 2026-04-14 20:52:11 - Building RS curve for 22638 records, K=4
[INFO] 2026-04-14 20:52:11 - Initial not-G counts: N_nG=[7764, 4421, 7383, 1551, 1519], X_nG=[14874, 10453, 3070, 1519]
[INFO] 2026-04-14 20:52:12 - Generated 3302 points on RS curve
[INFO] 2026-04-14 20:52:12 - ============================================================
[INFO] 2026-04-14 20:52:12 - CONTINUOUS RS CALCULATION COMPLETE
[INFO] 2026-04-14 20:52:12 - Generated 3302 points on RS curve
[INFO] 2026-04-14 20:52:12 - EA-RS: 0.6280
[INFO] 2026-04-14 20:52:12 - EA-RS-self: 0.5267
[INFO] 2026-04-14 20:52:12 - RS_full: 1.1013
[INFO] 2026-04-14 20:52:12 - MLRS: 0.4617
[INFO] 2026-04-14 20:52:12 - RS_max: 3.5588
[INFO] 2026-04-14 20:52:12 - RS_at_10pct: 2.0381
[INFO] 2026-04-14 20:52:12 - RS_max_after_1pct: 3.4457
[INFO] 2026-04-14 20:52:12 - RS_max_after_5pct: 2.6422
[INFO] 2026-04-14 20:52:12 - RS_max_after_10pct: 2.0573
[INFO] 2026-04-14 20:52:12 - ============================================================
[INFO] 2026-04-14 20:52:12 -   Successfully calculated RS for pigean/combined: 3302 points
[INFO] 2026-04-14 20:52:12 - Writing continuous RS points to sweep_logs/rs_curve_semantic_0p40.csv
[INFO] 2026-04-14 20:52:12 - Wrote 3302 points to sweep_logs/rs_curve_semantic_0p40.csv
[INFO] 2026-04-14 20:52:12 - ============================================================
[INFO] 2026-04-14 20:52:12 - CONTINUOUS RS CALCULATION COMPLETE
[INFO] 2026-04-14 20:52:12 - Output: sweep_logs/rs_curve_semantic_0p40.csv
[INFO] 2026-04-14 20:52:12 - ============================================================
