[INFO] 2026-04-14 20:52:15 - ============================================================
[INFO] 2026-04-14 20:52:15 - PHASERS: CONTINUOUS RS CALCULATION
[INFO] 2026-04-14 20:52:15 - ============================================================
[INFO] 2026-04-14 20:52:15 - Loading pre-merged data from: merged_cosine_miniLM.tsv.gz
[INFO] 2026-04-14 20:52:39 - Loaded 13853783 rows from pre-merged file
[INFO] 2026-04-14 20:52:39 - Requested score columns: ['combined']
[INFO] 2026-04-14 20:52:39 - Requested sources: ['pigean']
[INFO] 2026-04-14 20:52:39 - Available sources in data: {'pigean'}
[INFO] 2026-04-14 20:52:39 - 
============================================================
[INFO] 2026-04-14 20:52:39 - Processing source: pigean
[INFO] 2026-04-14 20:52:39 - ============================================================
[INFO] 2026-04-14 20:52:42 -   Score column 'combined': 13828048 non-null values
[INFO] 2026-04-14 20:52:42 - Running continuous RS for 1 score columns: ['combined']
[INFO] 2026-04-14 20:52:42 - 
  Processing: pigean / combined
[INFO] 2026-04-14 20:52:42 - ============================================================
[INFO] 2026-04-14 20:52:42 - CONTINUOUS RS CALCULATION (INCREMENTAL)
[INFO] 2026-04-14 20:52:42 - ============================================================
[INFO] 2026-04-14 20:52:42 - Score column: combined
[INFO] 2026-04-14 20:52:42 - Source: pigean
[INFO] 2026-04-14 20:52:42 - Phase type: ccat
[INFO] 2026-04-14 20:52:42 - Score ascending: False (higher is better)
[INFO] 2026-04-14 20:52:42 - Using pre-merged data (skipping load and similarity calculation)
[INFO] 2026-04-14 20:52:42 - Merged data has 13853783 rows
[INFO] 2026-04-14 20:52:45 - Genetically supported targets at similarity_threshold=0.5: 92057 rows, 2241 unique genes
[INFO] 2026-04-14 20:52:45 - Extracting deduplicated records for ccat
[INFO] 2026-04-14 20:52:49 - Extracted 22638 deduplicated records
[INFO] 2026-04-14 20:52:50 - Building RS curve with incremental updates...
[INFO] 2026-04-14 20:52:50 - Building RS curve for 22638 records, K=4
[INFO] 2026-04-14 20:52:50 - Initial not-G counts: N_nG=[7764, 4421, 7383, 1551, 1519], X_nG=[14874, 10453, 3070, 1519]
[INFO] 2026-04-14 20:52:51 - Generated 3302 points on RS curve
[INFO] 2026-04-14 20:52:51 - ============================================================
[INFO] 2026-04-14 20:52:51 - CONTINUOUS RS CALCULATION COMPLETE
[INFO] 2026-04-14 20:52:51 - Generated 3302 points on RS curve
[INFO] 2026-04-14 20:52:51 - EA-RS: 0.5217
[INFO] 2026-04-14 20:52:51 - EA-RS-self: 0.4803
[INFO] 2026-04-14 20:52:51 - RS_full: 1.0414
[INFO] 2026-04-14 20:52:51 - MLRS: 0.3897
[INFO] 2026-04-14 20:52:51 - RS_max: 3.4672
[INFO] 2026-04-14 20:52:51 - RS_at_10pct: 1.9309
[INFO] 2026-04-14 20:52:51 - RS_max_after_1pct: 3.3041
[INFO] 2026-04-14 20:52:51 - RS_max_after_5pct: 2.5149
[INFO] 2026-04-14 20:52:51 - RS_max_after_10pct: 1.9584
[INFO] 2026-04-14 20:52:51 - ============================================================
[INFO] 2026-04-14 20:52:51 -   Successfully calculated RS for pigean/combined: 3302 points
[INFO] 2026-04-14 20:52:51 - Writing continuous RS points to sweep_logs/rs_curve_semantic_0p50.csv
[INFO] 2026-04-14 20:52:51 - Wrote 3302 points to sweep_logs/rs_curve_semantic_0p50.csv
[INFO] 2026-04-14 20:52:51 - ============================================================
[INFO] 2026-04-14 20:52:51 - CONTINUOUS RS CALCULATION COMPLETE
[INFO] 2026-04-14 20:52:51 - Output: sweep_logs/rs_curve_semantic_0p50.csv
[INFO] 2026-04-14 20:52:51 - ============================================================
